app/build/outputs/mapping/release/seeds.txt
com.registro.empleados.AsistenciaApplication
com.registro.empleados.data.remote.dto.RegisterDeviceResponseDto
com.registro.empleados.data.remote.dto.CreateAbsenceRequestDto
com.registro.empleados.data.remote.dto.FeriadoDto
com.registro.empleados.data.remote.api.EmployeesApiService
com.registro.empleados.presentation.viewmodel.BienvenidaViewModel
com.registro.empleados.data.remote.dto.CreateSubmissionRequestDto
com.registro.empleados.data.remote.dto.SectorDto
com.registro.empleados.data.remote.dto.EmployeeDto
com.registro.empleados.worker.PullApprovedWorker
com.registro.empleados.data.remote.dto.RegisterDeviceRequestDto
com.registro.empleados.data.remote.api.SubmissionsApiService
com.registro.empleados.data.remote.dto.FeriadosResponseDto
com.registro.empleados.presentation.viewmodel.AusenciasViewModel
com.registro.empleados.data.remote.dto.AbsencesListResponseDto
com.registro.empleados.Hilt_AsistenciaApplication
com.registro.empleados.presentation.viewmodel.DashboardViewModel
com.registro.empleados.presentation.viewmodel.SetupViewModel
com.registro.empleados.data.remote.dto.CreateEmployeeRequestDto
com.registro.empleados.data.local.database.AppDatabase_Impl
com.registro.empleados.data.local.database.AppDatabase
com.registro.empleados.presentation.MainActivity_GeneratedInjector
com.registro.empleados.presentation.viewmodel.ReportesViewModel
com.registro.empleados.data.remote.dto.SubmissionResponseDto
com.registro.empleados.presentation.MainActivity
com.registro.empleados.presentation.Hilt_MainActivity
com.registro.empleados.data.remote.api.SectorsResponseDto
com.registro.empleados.data.remote.dto.AttendanceDto
com.registro.empleados.AsistenciaApplication_GeneratedInjector
com.registro.empleados.data.remote.api.AuthApiService
com.registro.empleados.data.remote.api.FeriadosApiService
com.registro.empleados.worker.FeriadosSyncWorker
com.registro.empleados.data.remote.dto.EmployeesResponseDto
com.registro.empleados.data.remote.dto.AbsenceResponseDto
com.registro.empleados.data.remote.dto.UpdateEmployeeRequestDto
com.registro.empleados.presentation.viewmodel.CalendarioViewModel
com.registro.empleados.presentation.viewmodel.EmpleadosViewModel
com.registro.empleados.data.remote.api.SectorsApiService
com.registro.empleados.data.remote.api.AusenciasApiService
com.registro.empleados.data.remote.dto.ApprovedResponseDto
com.registro.empleados.worker.PushOutboxWorker
com.registro.empleados.data.remote.dto.EmployeesResponseDto: int $stable
com.registro.empleados.data.remote.dto.UpdateEmployeeRequestDto: java.lang.String sectorId
com.registro.empleados.data.remote.dto.RegisterDeviceResponseDto: java.lang.String token
com.registro.empleados.data.remote.dto.CreateSubmissionRequestDto: java.lang.String date
com.registro.empleados.data.remote.dto.CreateAbsenceRequestDto: boolean isJustified
com.registro.empleados.data.remote.dto.CreateEmployeeRequestDto: int $stable
com.registro.empleados.data.remote.dto.CreateSubmissionRequestDto: java.lang.String encargado
com.registro.empleados.data.remote.dto.CreateEmployeeRequestDto: java.lang.String sectorId
com.registro.empleados.data.remote.dto.EmployeeDto: java.lang.String firstName
com.registro.empleados.data.remote.dto.AbsenceResponseDto: java.lang.String id
com.registro.empleados.data.remote.dto.AttendanceDto: java.lang.String date
com.registro.empleados.data.remote.dto.UpdateEmployeeRequestDto: java.lang.String dni
com.registro.empleados.data.remote.dto.CreateEmployeeRequestDto: java.lang.String lastName
com.registro.empleados.data.remote.dto.CreateEmployeeRequestDto: java.lang.String dni
com.registro.empleados.data.remote.dto.AttendanceDto: java.lang.String employeeId
com.registro.empleados.data.remote.dto.AttendanceDto: int $stable
com.registro.empleados.data.remote.dto.FeriadosResponseDto: int $stable
com.registro.empleados.data.remote.dto.EmployeeDto: int $stable
com.registro.empleados.data.remote.dto.FeriadosResponseDto: java.lang.String id
...
kotlinx.coroutines.channels.BufferedChannel: java.lang.Object _closeCause
com.google.gson.internal.UnsafeAllocator$1: java.lang.reflect.Method val$allocateInstance
com.google.gson.Gson: com.google.gson.FieldNamingStrategy fieldNamingStrategy
retrofit2.RequestFactory$Builder: retrofit2.Retrofit retrofit
com.google.gson.internal.LinkedTreeMap$KeySet$1: com.google.gson.internal.LinkedTreeMap$KeySet this$1
androidx.datastore.preferences.PreferencesProto$PreferenceMap: int PREFERENCES_FIELD_NUMBER
com.google.gson.internal.bind.TypeAdapterRuntimeTypeWrapper: com.google.gson.Gson context
retrofit2.CompletableFutureCallAdapterFactory$BodyCallAdapter: java.lang.reflect.Type responseType
com.google.gson.Gson: boolean DEFAULT_COMPLEX_MAP_KEYS
retrofit2.Utils$WildcardTypeImpl: java.lang.reflect.Type upperBound
retrofit2.RequestBuilder: okhttp3.MediaType contentType
com.google.gson.internal.LinkedTreeMap$LinkedTreeMapIterator: com.google.gson.internal.LinkedTreeMap$Node next
com.google.gson.stream.JsonWriter: int stackSize
com.google.gson.stream.JsonReader: int NUMBER_CHAR_DECIMAL
kotlinx.coroutines.internal.ThreadSafeHeap: int _size
kotlinx.coroutines.channels.BufferedChannel: java.lang.Object receiveSegment
retrofit2.HttpException: int code
com.google.gson.stream.MalformedJsonException: long serialVersionUID
retrofit2.RequestBuilder: boolean hasBody
com.google.gson.internal.LinkedTreeMap$Node: java.lang.Object value
com.google.gson.internal.LinkedTreeMap$Node: com.google.gson.internal.LinkedTreeMap$Node right
com.google.gson.internal.bind.TypeAdapters: com.google.gson.TypeAdapter BIG_DECIMAL
com.google.gson.Gson: java.lang.ThreadLocal calls
com.google.gson.internal.ConstructorConstructor$2: com.google.gson.internal.ConstructorConstructor this$0
com.google.gson.Gson: java.util.Map typeTokenCache
com.google.gson.internal.bind.TypeAdapters: com.google.gson.TypeAdapterFactory CURRENCY_FACTORY
com.google.gson.GsonBuilder: boolean lenient
com.google.gson.internal.bind.TypeAdapters: com.google.gson.TypeAdapterFactory CHARACTER_FACTORY
com.google.gson.internal.bind.JsonAdapterAnnotationTypeAdapterFactory: com.google.gson.internal.ConstructorConstructor constructorConstructor
com.google.gson.internal.bind.util.ISO8601Utils: java.util.TimeZone TIMEZONE_UTC
retrofit2.Platform: retrofit2.Platform PLATFORM
com.google.gson.internal.ConstructorConstructor$1: com.google.gson.InstanceCreator val$typeCreator
com.google.gson.LongSerializationPolicy: com.google.gson.LongSerializationPolicy DEFAULT
retrofit2.RequestBuilder: java.util.regex.Pattern PATH_TRAVERSAL
kotlinx.coroutines.EventLoopImplBase: java.lang.Object _queue
androidx.datastore.preferences.PreferencesProto$Value: int STRING_SET_FIELD_NUMBER
com.google.gson.GsonBuilder: com.google.gson.internal.Excluder excluder
com.google.gson.FieldNamingPolicy: com.google.gson.FieldNamingPolicy IDENTITY
retrofit2.Invocation: java.util.List arguments
com.google.gson.internal.bind.CollectionTypeAdapterFactory$Adapter: com.google.gson.internal.ObjectConstructor constructor
com.google.gson.JsonArray: java.util.List elements
retrofit2.Retrofit: java.util.List callAdapterFactories
com.google.gson.internal.bind.TypeAdapters$27: java.lang.String SECOND
com.google.gson.internal.bind.ReflectiveTypeAdapterFactory: com.google.gson.internal.Excluder excluder
com.google.gson.internal.LinkedTreeMap: java.util.Comparator comparator
androidx.work.impl.utils.futures.AbstractFuture$Waiter: java.lang.Thread thread
androidx.concurrent.futures.AbstractResolvableFuture: androidx.concurrent.futures.AbstractResolvableFuture$Waiter waiters
retrofit2.ParameterHandler$2: retrofit2.ParameterHandler this$0
androidx.datastore.preferences.protobuf.GeneratedMessageLite$ExtendableMessage: androidx.datastore.preferences.protobuf.FieldSet extensions
androidx.lifecycle.Lifecycle$Event: androidx.lifecycle.Lifecycle$Event ON_CREATE
kotlinx.coroutines.channels.BufferedChannel: java.lang.Object sendSegment